<?xml version="1.0" encoding="UTF-8"?>
<!-- Generated by org.testng.reporters.JUnitXMLReporter -->
<testsuite hostname="LAPTOP-1MVI6MI9" ignored="1" name="Unit Testing Test Suite" tests="20" failures="1" timestamp="2022-01-11T16:38:26 IST" time="0.345" errors="0">
  <testcase name="WebstudentLogin" time="0.011" classname="TestNGAnnotationAtributes.Dependson"/>
  <testcase name="APIstudentLogin" time="0.001" classname="TestNGAnnotationAtributes.Dependson"/>
  <testcase name="mobilestudentlogin" time="0.001" classname="TestNGAnnotationAtributes.Dependson"/>
  <testcase name="testcase2" time="0.002" classname="TestNGAnnotationAtributes.dependsOnMethodsgroups"/>
  <testcase name="testcase3" time="0.002" classname="TestNGAnnotationAtributes.dependsOnMethodsgroups"/>
  <testcase name="testcase1" time="0.002" classname="TestNGAnnotationAtributes.dependsOnMethodsgroups"/>
  <testcase name="testcase1" time="0.0" classname="TestNGAnnotationAtributes.Description"/>
  <testcase name="testcase2" time="0.001" classname="TestNGAnnotationAtributes.Description"/>
  <testcase name="workhard" time="0.002" classname="TestNGAnnotationAtributes.Description"/>
  <testcase name="c_language" time="0.001" classname="TestNGAnnotationAtributes.enabled"/>
  <testcase name="java" time="0.001" classname="TestNGAnnotationAtributes.enabled"/>
  <testcase name="infosys" time="0.003" classname="TestNGAnnotationAtributes.Groups"/>
  <testcase name="technip" time="0.001" classname="TestNGAnnotationAtributes.Groups"/>
  <testcase name="wipro" time="0.003" classname="TestNGAnnotationAtributes.Groups"/>
  <testcase name="mango" time="0.001" classname="TestNGAnnotationAtributes.Priority"/>
  <testcase name="watermelon" time="0.0" classname="TestNGAnnotationAtributes.Priority"/>
  <testcase name="apple" time="0.0" classname="TestNGAnnotationAtributes.Priority"/>
  <testcase name="testcase1" time="0.215" classname="TestNGAnnotationAtributes.timeOuts">
    <failure type="org.testng.internal.thread.ThreadTimeoutException" message="Method TestNGAnnotationAtributes.timeOuts.testcase1() didn&amp;apos;t finish within the time-out 200">
      <![CDATA[org.testng.internal.thread.ThreadTimeoutException: Method TestNGAnnotationAtributes.timeOuts.testcase1() didn't finish within the time-out 200
at java.util.ArrayList.forEach(Unknown Source)
... Removed 24 stack frames]]>
    </failure>
  </testcase> <!-- testcase1 -->
  <testcase name="testcase2" time="0.002" classname="TestNGAnnotationAtributes.timeOuts"/>
  <testcase name="testcase3" time="0.003" classname="TestNGAnnotationAtributes.timeOuts"/>
  <testcase name="jira" time="0.0" classname="TestNGAnnotationAtributes.enabled">
    <ignored/>
  </testcase> <!-- jira -->
</testsuite> <!-- Unit Testing Test Suite -->
