<html>
<head>
<title>TestNG:  Unit Testing Test Suite</title>
<link href="../testng.css" rel="stylesheet" type="text/css" />
<link href="../my-testng.css" rel="stylesheet" type="text/css" />

<style type="text/css">
.log { display: none;} 
.stack-trace { display: none;} 
</style>
<script type="text/javascript">
<!--
function flip(e) {
  current = e.style.display;
  if (current == 'block') {
    e.style.display = 'none';
    return 0;
  }
  else {
    e.style.display = 'block';
    return 1;
  }
}

function toggleBox(szDivId, elem, msg1, msg2)
{
  var res = -1;  if (document.getElementById) {
    res = flip(document.getElementById(szDivId));
  }
  else if (document.all) {
    // this is the way old msie versions work
    res = flip(document.all[szDivId]);
  }
  if(elem) {
    if(res == 0) elem.innerHTML = msg1; else elem.innerHTML = msg2;
  }

}

function toggleAllBoxes() {
  if (document.getElementsByTagName) {
    d = document.getElementsByTagName('div');
    for (i = 0; i < d.length; i++) {
      if (d[i].className == 'log') {
        flip(d[i]);
      }
    }
  }
}

// -->
</script>

</head>
<body>
<h2 align='center'>Unit Testing Test Suite</h2><table border='1' align="center">
<tr>
<td>Tests passed/Failed/Skipped:</td><td>19/1/0</td>
</tr><tr>
<td>Started on:</td><td>Tue Jan 11 16:38:26 IST 2022</td>
</tr>
<tr><td>Total time:</td><td>0 seconds (345 ms)</td>
</tr><tr>
<td>Included groups:</td><td></td>
</tr><tr>
<td>Excluded groups:</td><td></td>
</tr>
</table><p/>
<small><i>(Hover the method name to see the test class name)</i></small><p/>
<table width='100%' border='1' class='invocation-failed'>
<tr><td colspan='4' align='center'><b>FAILED TESTS</b></td></tr>
<tr><td><b>Test method</b></td>
<td width="30%"><b>Exception</b></td>
<td width="10%"><b>Time (seconds)</b></td>
<td><b>Instance</b></td>
</tr>
<tr>
<td title='TestNGAnnotationAtributes.timeOuts.testcase1()'><b>testcase1</b><br>Test class: TestNGAnnotationAtributes.timeOuts</td>
<td><div><pre>org.testng.internal.thread.ThreadTimeoutException: Method TestNGAnnotationAtributes.timeOuts.testcase1() didn&apos;t finish within the time-out 200
	at java.util.ArrayList.forEach(Unknown Source)
... Removed 24 stack frames</pre></div><a href='#' onClick='toggleBox("stack-trace135184888", this, "Click to show all stack frames", "Click to hide stack frames")'>Click to show all stack frames</a>
<div class='stack-trace' id='stack-trace135184888'><pre>org.testng.internal.thread.ThreadTimeoutException: Method TestNGAnnotationAtributes.timeOuts.testcase1() didn&apos;t finish within the time-out 200
	at org.testng.internal.MethodInvocationHelper.invokeWithTimeoutWithNewExecutor(MethodInvocationHelper.java:384)
	at org.testng.internal.MethodInvocationHelper.invokeWithTimeout(MethodInvocationHelper.java:283)
	at org.testng.internal.TestInvoker.invokeMethod(TestInvoker.java:604)
	at org.testng.internal.TestInvoker.invokeTestMethod(TestInvoker.java:173)
	at org.testng.internal.MethodRunner.runInSequence(MethodRunner.java:46)
	at org.testng.internal.TestInvoker$MethodInvocationAgent.invoke(TestInvoker.java:824)
	at org.testng.internal.TestInvoker.invokeTestMethods(TestInvoker.java:146)
	at org.testng.internal.TestMethodWorker.invokeTestMethods(TestMethodWorker.java:146)
	at org.testng.internal.TestMethodWorker.run(TestMethodWorker.java:128)
	at java.util.ArrayList.forEach(Unknown Source)
	at org.testng.TestRunner.privateRun(TestRunner.java:794)
	at org.testng.TestRunner.run(TestRunner.java:596)
	at org.testng.SuiteRunner.runTest(SuiteRunner.java:377)
	at org.testng.SuiteRunner.runSequentially(SuiteRunner.java:371)
	at org.testng.SuiteRunner.privateRun(SuiteRunner.java:332)
	at org.testng.SuiteRunner.run(SuiteRunner.java:276)
	at org.testng.SuiteRunnerWorker.runSuite(SuiteRunnerWorker.java:53)
	at org.testng.SuiteRunnerWorker.run(SuiteRunnerWorker.java:96)
	at org.testng.TestNG.runSuitesSequentially(TestNG.java:1212)
	at org.testng.TestNG.runSuitesLocally(TestNG.java:1134)
	at org.testng.TestNG.runSuites(TestNG.java:1063)
	at org.testng.TestNG.run(TestNG.java:1031)
	at org.testng.remote.AbstractRemoteTestNG.run(AbstractRemoteTestNG.java:115)
	at org.testng.remote.RemoteTestNG.initAndRun(RemoteTestNG.java:251)
	at org.testng.remote.RemoteTestNG.main(RemoteTestNG.java:77)
</pre></div></td>
<td>0</td>
<td>TestNGAnnotationAtributes.timeOuts@436e852b</td></tr>
</table><p>
<table width='100%' border='1' class='invocation-passed'>
<tr><td colspan='4' align='center'><b>PASSED TESTS</b></td></tr>
<tr><td><b>Test method</b></td>
<td width="30%"><b>Exception</b></td>
<td width="10%"><b>Time (seconds)</b></td>
<td><b>Instance</b></td>
</tr>
<tr>
<td title='TestNGAnnotationAtributes.Description.testcase1()'><b>testcase1</b><br>Test class: TestNGAnnotationAtributes.Description<br>Test method: This is testcase1</td>
<td></td>
<td>0</td>
<td>TestNGAnnotationAtributes.Description@fad74ee</td></tr>
<tr>
<td title='TestNGAnnotationAtributes.Description.workhard()'><b>workhard</b><br>Test class: TestNGAnnotationAtributes.Description<br>Test method: job of rana</td>
<td></td>
<td>0</td>
<td>TestNGAnnotationAtributes.Description@fad74ee</td></tr>
<tr>
<td title='TestNGAnnotationAtributes.dependsOnMethodsgroups.testcase1()'><b>testcase1</b><br>Test class: TestNGAnnotationAtributes.dependsOnMethodsgroups</td>
<td></td>
<td>0</td>
<td>TestNGAnnotationAtributes.dependsOnMethodsgroups@3d921e20</td></tr>
<tr>
<td title='TestNGAnnotationAtributes.Groups.wipro()'><b>wipro</b><br>Test class: TestNGAnnotationAtributes.Groups</td>
<td></td>
<td>0</td>
<td>TestNGAnnotationAtributes.Groups@37d31475</td></tr>
<tr>
<td title='TestNGAnnotationAtributes.Dependson.WebstudentLogin()'><b>WebstudentLogin</b><br>Test class: TestNGAnnotationAtributes.Dependson</td>
<td></td>
<td>0</td>
<td>TestNGAnnotationAtributes.Dependson@4d50efb8</td></tr>
<tr>
<td title='TestNGAnnotationAtributes.Dependson.mobilestudentlogin()'><b>mobilestudentlogin</b><br>Test class: TestNGAnnotationAtributes.Dependson</td>
<td></td>
<td>0</td>
<td>TestNGAnnotationAtributes.Dependson@4d50efb8</td></tr>
<tr>
<td title='TestNGAnnotationAtributes.timeOuts.testcase3()'><b>testcase3</b><br>Test class: TestNGAnnotationAtributes.timeOuts</td>
<td></td>
<td>0</td>
<td>TestNGAnnotationAtributes.timeOuts@436e852b</td></tr>
<tr>
<td title='TestNGAnnotationAtributes.enabled.c_language()'><b>c_language</b><br>Test class: TestNGAnnotationAtributes.enabled</td>
<td></td>
<td>0</td>
<td>TestNGAnnotationAtributes.enabled@1a1d6a08</td></tr>
<tr>
<td title='TestNGAnnotationAtributes.Groups.technip()'><b>technip</b><br>Test class: TestNGAnnotationAtributes.Groups</td>
<td></td>
<td>0</td>
<td>TestNGAnnotationAtributes.Groups@37d31475</td></tr>
<tr>
<td title='TestNGAnnotationAtributes.enabled.java()'><b>java</b><br>Test class: TestNGAnnotationAtributes.enabled</td>
<td></td>
<td>0</td>
<td>TestNGAnnotationAtributes.enabled@1a1d6a08</td></tr>
<tr>
<td title='TestNGAnnotationAtributes.dependsOnMethodsgroups.testcase3()'><b>testcase3</b><br>Test class: TestNGAnnotationAtributes.dependsOnMethodsgroups</td>
<td></td>
<td>0</td>
<td>TestNGAnnotationAtributes.dependsOnMethodsgroups@3d921e20</td></tr>
<tr>
<td title='TestNGAnnotationAtributes.Description.testcase2()'><b>testcase2</b><br>Test class: TestNGAnnotationAtributes.Description<br>Test method: This is testcase2</td>
<td></td>
<td>0</td>
<td>TestNGAnnotationAtributes.Description@fad74ee</td></tr>
<tr>
<td title='TestNGAnnotationAtributes.Priority.apple()'><b>apple</b><br>Test class: TestNGAnnotationAtributes.Priority</td>
<td></td>
<td>0</td>
<td>TestNGAnnotationAtributes.Priority@27808f31</td></tr>
<tr>
<td title='TestNGAnnotationAtributes.dependsOnMethodsgroups.testcase2()'><b>testcase2</b><br>Test class: TestNGAnnotationAtributes.dependsOnMethodsgroups</td>
<td></td>
<td>0</td>
<td>TestNGAnnotationAtributes.dependsOnMethodsgroups@3d921e20</td></tr>
<tr>
<td title='TestNGAnnotationAtributes.Priority.mango()'><b>mango</b><br>Test class: TestNGAnnotationAtributes.Priority</td>
<td></td>
<td>0</td>
<td>TestNGAnnotationAtributes.Priority@27808f31</td></tr>
<tr>
<td title='TestNGAnnotationAtributes.Dependson.APIstudentLogin()'><b>APIstudentLogin</b><br>Test class: TestNGAnnotationAtributes.Dependson</td>
<td></td>
<td>0</td>
<td>TestNGAnnotationAtributes.Dependson@4d50efb8</td></tr>
<tr>
<td title='TestNGAnnotationAtributes.Groups.infosys()'><b>infosys</b><br>Test class: TestNGAnnotationAtributes.Groups</td>
<td></td>
<td>0</td>
<td>TestNGAnnotationAtributes.Groups@37d31475</td></tr>
<tr>
<td title='TestNGAnnotationAtributes.timeOuts.testcase2()'><b>testcase2</b><br>Test class: TestNGAnnotationAtributes.timeOuts</td>
<td></td>
<td>0</td>
<td>TestNGAnnotationAtributes.timeOuts@436e852b</td></tr>
<tr>
<td title='TestNGAnnotationAtributes.Priority.watermelon()'><b>watermelon</b><br>Test class: TestNGAnnotationAtributes.Priority</td>
<td></td>
<td>0</td>
<td>TestNGAnnotationAtributes.Priority@27808f31</td></tr>
</table><p>
</body>
</html>